Release 14.7 - xst P.20131013 (nt64)
Copyright (c) 1995-2013 Xilinx, Inc.  All rights reserved.
--> Parameter TMPDIR set to xst/projnav.tmp


Total REAL time to Xst completion: 3.00 secs
Total CPU time to Xst completion: 2.43 secs
 
--> Parameter xsthdpdir set to xst


Total REAL time to Xst completion: 3.00 secs
Total CPU time to Xst completion: 2.43 secs
 
--> Reading design: DMIO.prj

TABLE OF CONTENTS
  1) Synthesis Options Summary
  2) HDL Parsing
  3) HDL Elaboration
  4) HDL Synthesis
       4.1) HDL Synthesis Report
  5) Advanced HDL Synthesis
       5.1) Advanced HDL Synthesis Report
  6) Low Level Synthesis
  7) Partition Report
  8) Design Summary
       8.1) Primitive and Black Box Usage
       8.2) Device utilization summary
       8.3) Partition Resource Summary
       8.4) Timing Report
            8.4.1) Clock Information
            8.4.2) Asynchronous Control Signals Information
            8.4.3) Timing Summary
            8.4.4) Timing Details
            8.4.5) Cross Clock Domains Report


=========================================================================
*                      Synthesis Options Summary                        *
=========================================================================
---- Source Parameters
Input File Name                    : "DMIO.prj"
Ignore Synthesis Constraint File   : NO

---- Target Parameters
Output File Name                   : "DMIO"
Output Format                      : NGC
Target Device                      : xc6slx45-3-fgg484

---- Source Options
Top Module Name                    : DMIO
Automatic FSM Extraction           : YES
FSM Encoding Algorithm             : Auto
Safe Implementation                : No
FSM Style                          : LUT
RAM Extraction                     : Yes
RAM Style                          : Auto
ROM Extraction                     : Yes
Shift Register Extraction          : YES
ROM Style                          : Auto
Resource Sharing                   : YES
Asynchronous To Synchronous        : NO
Shift Register Minimum Size        : 2
Use DSP Block                      : Auto
Automatic Register Balancing       : No

---- Target Options
LUT Combining                      : Auto
Reduce Control Sets                : Auto
Add IO Buffers                     : YES
Global Maximum Fanout              : 100000
Add Generic Clock Buffer(BUFG)     : 16
Register Duplication               : YES
Optimize Instantiated Primitives   : NO
Use Clock Enable                   : Auto
Use Synchronous Set                : Auto
Use Synchronous Reset              : Auto
Pack IO Registers into IOBs        : Auto
Equivalent register Removal        : YES

---- General Options
Optimization Goal                  : Speed
Optimization Effort                : 1
Power Reduction                    : NO
Keep Hierarchy                     : No
Netlist Hierarchy                  : As_Optimized
RTL Output                         : Yes
Global Optimization                : AllClockNets
Read Cores                         : YES
Write Timing Constraints           : NO
Cross Clock Analysis               : NO
Hierarchy Separator                : /
Bus Delimiter                      : <>
Case Specifier                     : Maintain
Slice Utilization Ratio            : 100
BRAM Utilization Ratio             : 100
DSP48 Utilization Ratio            : 100
Auto BRAM Packing                  : NO
Slice Utilization Ratio Delta      : 5

=========================================================================


=========================================================================
*                          HDL Parsing                                  *
=========================================================================
Analyzing Verilog file "C:\Users\Ghost\Desktop\Procesador\DMIO.v" into library work
Parsing verilog file "DM.v" included at line 21.
Parsing module <DM>.
Parsing verilog file "registroLEDS.v" included at line 22.
Parsing module <registroLEDS>.
Parsing module <DMIO>.

=========================================================================
*                            HDL Elaboration                            *
=========================================================================

Elaborating module <DMIO>.

Elaborating module <DM>.

Elaborating module <registroLEDS>.

=========================================================================
*                           HDL Synthesis                               *
=========================================================================

Synthesizing Unit <DMIO>.
    Related source file is "C:\Users\Ghost\Desktop\Procesador\DMIO.v".
    Summary:
	inferred   1 Multiplexer(s).
Unit <DMIO> synthesized.

Synthesizing Unit <DM>.
    Related source file is "C:\Users\Ghost\Desktop\Procesador/DM.v".
    Found 4096x64-bit single-port RAM <Mram_memoria> for signal <memoria>.
    Summary:
	inferred   1 RAM(s).
Unit <DM> synthesized.

Synthesizing Unit <registroLEDS>.
    Related source file is "C:\Users\Ghost\Desktop\Procesador/registroLEDS.v".
    Found 8-bit register for signal <registro>.
    Summary:
	inferred   8 D-type flip-flop(s).
Unit <registroLEDS> synthesized.

=========================================================================
HDL Synthesis Report

Macro Statistics
# RAMs                                                 : 1
 4096x64-bit single-port RAM                           : 1
# Registers                                            : 1
 8-bit register                                        : 1
# Multiplexers                                         : 1
 64-bit 2-to-1 multiplexer                             : 1

=========================================================================

=========================================================================
*                       Advanced HDL Synthesis                          *
=========================================================================


Synthesizing (advanced) Unit <DM>.
INFO:Xst:3218 - HDL ADVISOR - The RAM <Mram_memoria> will be implemented on LUTs either because you have described an asynchronous read or because of currently unsupported block RAM features. If you have described an asynchronous read, making it synchronous would allow you to take advantage of available block RAM resources, for optimized device usage and improved timings. Please refer to your documentation for coding guidelines.
    -----------------------------------------------------------------------
    | ram_type           | Distributed                         |          |
    -----------------------------------------------------------------------
    | Port A                                                              |
    |     aspect ratio   | 4096-word x 64-bit                  |          |
    |     clkA           | connected to signal <clk>           | rise     |
    |     weA            | connected to internal node          | high     |
    |     addrA          | connected to signal <direccion>     |          |
    |     diA            | connected to signal <dataWrite>     |          |
    |     doA            | connected to internal node          |          |
    -----------------------------------------------------------------------
Unit <DM> synthesized (advanced).

=========================================================================
Advanced HDL Synthesis Report

Macro Statistics
# RAMs                                                 : 1
 4096x64-bit single-port distributed RAM               : 1
# Registers                                            : 8
 Flip-Flops                                            : 8
# Multiplexers                                         : 1
 64-bit 2-to-1 multiplexer                             : 1

=========================================================================

=========================================================================
*                         Low Level Synthesis                           *
=========================================================================

Optimizing unit <DMIO> ...

Optimizing unit <registroLEDS> ...

Mapping all equations...
Building and optimizing final netlist ...
Found area constraint ratio of 100 (+ 5) on block DMIO, actual ratio is 2.

Final Macro Processing ...

=========================================================================
Final Register Report

Macro Statistics
# Registers                                            : 8
 Flip-Flops                                            : 8

=========================================================================

=========================================================================
*                           Partition Report                            *
=========================================================================

Partition Implementation Status
-------------------------------

  No Partitions were found in this design.

-------------------------------

=========================================================================
*                            Design Summary                             *
=========================================================================

Top Level Output File Name         : DMIO.ngc

Primitive and Black Box Usage:
------------------------------
# BELS                             : 529
#      LUT2                        : 57
#      LUT3                        : 8
#      LUT6                        : 272
#      MUXF7                       : 128
#      MUXF8                       : 64
# FlipFlops/Latches                : 8
#      FDE                         : 8
# RAMS                             : 1024
#      RAM256X1S                   : 1024
# Clock Buffers                    : 1
#      BUFGP                       : 1
# IO Buffers                       : 158
#      IBUF                        : 86
#      OBUF                        : 72

Device utilization summary:
---------------------------

Selected Device : 6slx45fgg484-3 


Slice Logic Utilization: 
 Number of Slice LUTs:                 4433  out of  27288    16%  
    Number used as Logic:               337  out of  27288     1%  
    Number used as Memory:             4096  out of   6408    63%  
       Number used as RAM:             4096

Slice Logic Distribution: 
 Number of LUT Flip Flop pairs used:   4433
   Number with an unused Flip Flop:    4433  out of   4433   100%  
   Number with an unused LUT:             0  out of   4433     0%  
   Number of fully used LUT-FF pairs:     0  out of   4433     0%  
   Number of unique control sets:         1

IO Utilization: 
 Number of IOs:                         159
 Number of bonded IOBs:                 159  out of    316    50%  
    IOB Flip Flops/Latches:               8

Specific Feature Utilization:
 Number of BUFG/BUFGCTRLs:                1  out of     16     6%  

---------------------------
Partition Resource Summary:
---------------------------

  No Partitions were found in this design.

---------------------------


=========================================================================
Timing Report

NOTE: THESE TIMING NUMBERS ARE ONLY A SYNTHESIS ESTIMATE.
      FOR ACCURATE TIMING INFORMATION PLEASE REFER TO THE TRACE REPORT
      GENERATED AFTER PLACE-and-ROUTE.

Clock Information:
------------------
-----------------------------------+------------------------+-------+
Clock Signal                       | Clock buffer(FF name)  | Load  |
-----------------------------------+------------------------+-------+
clk                                | BUFGP                  | 1032  |
-----------------------------------+------------------------+-------+

Asynchronous Control Signals Information:
----------------------------------------
No asynchronous control signals found in this design

Timing Summary:
---------------
Speed Grade: -3

   Minimum period: No path found
   Minimum input arrival time before clock: 5.497ns
   Maximum output required time after clock: 3.597ns
   Maximum combinational path delay: 8.186ns

Timing Details:
---------------
All values displayed in nanoseconds (ns)

=========================================================================
Timing constraint: Default OFFSET IN BEFORE for Clock 'clk'
  Total number of paths / destination ports: 15384 / 10256
-------------------------------------------------------------------------
Offset:              5.497ns (Levels of Logic = 2)
  Source:            direccion<8> (PAD)
  Destination:       dataMemory/Mram_memoria2 (RAM)
  Destination Clock: clk rising

  Data Path: direccion<8> to dataMemory/Mram_memoria2
                                Gate     Net
    Cell:in->out      fanout   Delay   Delay  Logical Name (Net Name)
    ----------------------------------------  ------------
     IBUF:I->O           272   1.222   2.433  direccion_8_IBUF (direccion_8_IBUF)
     LUT6:I0->O           64   0.203   1.639  write_ctrl1 (write_ctrl1)
     RAM256X1S:WE              0.000          dataMemory/Mram_memoria2
    ----------------------------------------
    Total                      5.497ns (1.425ns logic, 4.072ns route)
                                       (25.9% logic, 74.1% route)

=========================================================================
Timing constraint: Default OFFSET OUT AFTER for Clock 'clk'
  Total number of paths / destination ports: 8 / 8
-------------------------------------------------------------------------
Offset:              3.597ns (Levels of Logic = 1)
  Source:            led/registro_7 (FF)
  Destination:       lecturaLED<7> (PAD)
  Source Clock:      clk rising

  Data Path: led/registro_7 to lecturaLED<7>
                                Gate     Net
    Cell:in->out      fanout   Delay   Delay  Logical Name (Net Name)
    ----------------------------------------  ------------
     FDE:C->Q              1   0.447   0.579  led/registro_7 (led/registro_7)
     OBUF:I->O                 2.571          lecturaLED_7_OBUF (lecturaLED<7>)
    ----------------------------------------
    Total                      3.597ns (3.018ns logic, 0.579ns route)
                                       (83.9% logic, 16.1% route)

=========================================================================
Timing constraint: Default path analysis
  Total number of paths / destination ports: 776 / 64
-------------------------------------------------------------------------
Delay:               8.186ns (Levels of Logic = 6)
  Source:            direccion<9> (PAD)
  Destination:       dataRead<63> (PAD)

  Data Path: direccion<9> to dataRead<63>
                                Gate     Net
    Cell:in->out      fanout   Delay   Delay  Logical Name (Net Name)
    ----------------------------------------  ------------
     IBUF:I->O           272   1.222   2.433  direccion_9_IBUF (direccion_9_IBUF)
     LUT6:I0->O            1   0.203   0.000  inst_LPM_MUX_4 (inst_LPM_MUX_4)
     MUXF7:I1->O           1   0.140   0.000  inst_LPM_MUX_3_f7 (inst_LPM_MUX_3_f7)
     MUXF8:I1->O           1   0.152   0.684  inst_LPM_MUX_2_f8 (lecturaMemoria<0>)
     LUT3:I1->O            1   0.203   0.579  Mmux_dataRead11 (dataRead_0_OBUF)
     OBUF:I->O                 2.571          dataRead_0_OBUF (dataRead<0>)
    ----------------------------------------
    Total                      8.186ns (4.491ns logic, 3.695ns route)
                                       (54.9% logic, 45.1% route)

=========================================================================

Cross Clock Domains Report:
--------------------------

=========================================================================


Total REAL time to Xst completion: 82.00 secs
Total CPU time to Xst completion: 81.45 secs
 
--> 

Total memory usage is 4558636 kilobytes

Number of errors   :    0 (   0 filtered)
Number of warnings :    0 (   0 filtered)
Number of infos    :    1 (   0 filtered)

