ISim log file
Running: C:\Users\Ghost\Documents\Anderson\ARM\TB_64_isim_beh.exe -intstyle ise -gui -tclbatch isim.cmd -wdb C:/Users/Ghost/Documents/Anderson/ARM/TB_64_isim_beh.wdb 
ISim P.20131013 (signature 0x7708f090)
This is a Full version of ISim.
Time resolution is 1 ps
# onerror resume
# wave add /
# run 1000 ns
Simulator is doing circuit initialization process.
Finished circuit initialization process.
# run all
ERROR: at 1100 ns(10000): Iteration limit 10000 is reached. Possible zero delay oscillation detected where simulation can not advance in time because signals can not resolve to a stable value in File "C:/Users/Ghost/Documents/Anderson/ARM/registerFile.v" Line 46. Please correct this code in order to advance past the current simulation time.
 in File "C:/Users/Ghost/Documents/Anderson/ARM/registerFile.v" Line 46 
ERROR: 
INFO: Simulator is stopped.
ISim P.20131013 (signature 0x7708f090)
This is a Full version of ISim.
# run 1000 ns
Simulator is doing circuit initialization process.
Finished circuit initialization process.
# run all
ERROR: at 1100 ns(10000): Iteration limit 10000 is reached. Possible zero delay oscillation detected where simulation can not advance in time because signals can not resolve to a stable value in File "C:/Users/Ghost/Documents/Anderson/ARM/registerFile.v" Line 46. Please correct this code in order to advance past the current simulation time.
 in File "C:/Users/Ghost/Documents/Anderson/ARM/registerFile.v" Line 46 
ERROR: 
INFO: Simulator is stopped.
# step
INFO: Simulator is stopped.
# step
INFO: Simulator is stopped.
# step
INFO: Simulator is stopped.
# step
INFO: Simulator is stopped.
# step
INFO: Simulator is stopped.
# step
INFO: Simulator is stopped.
ISim P.20131013 (signature 0x7708f090)
This is a Full version of ISim.
# run 1000 ns
Simulator is doing circuit initialization process.
Finished circuit initialization process.
# step
Stopped at time : 1100 ns : File "C:/Users/Ghost/Documents/Anderson/ARM/TB_64.v" Line 89
# step
Stopped at time : 1100 ns : File "C:/Users/Ghost/Documents/Anderson/ARM/TB_64.v" Line 90
# step
Stopped at time : 1100 ns : File "C:/Users/Ghost/Documents/Anderson/ARM/TB_64.v" Line 92
# step
Stopped at time : 1100 ns : File "C:/Users/Ghost/Documents/Anderson/ARM/PC.v" Line 33
# step
Stopped at time : 1100 ns : File "C:/Users/Ghost/Documents/Anderson/ARM/PC.v" Line 34
# step
Stopped at time : 1100 ns : File "C:/Users/Ghost/Documents/Anderson/ARM/PC.v" Line 32
# step
Stopped at time : 1100 ns : File "C:/Users/Ghost/Documents/Anderson/ARM/registerFile.v" Line 47
# step
Stopped at time : 1100 ns : File "C:/Users/Ghost/Documents/Anderson/ARM/registerFile.v" Line 48
# step
Stopped at time : 1100 ns : File "C:/Users/Ghost/Documents/Anderson/ARM/registerFile.v" Line 53
# step
Stopped at time : 1100 ns : File "C:/Users/Ghost/Documents/Anderson/ARM/registerFile.v" Line 54
# step
Stopped at time : 1100 ns : File "C:/Users/Ghost/Documents/Anderson/ARM/registerFile.v" Line 46
# step
Stopped at time : 1100 ns : File "C:/Users/Ghost/Documents/Anderson/ARM/DMIO.v" Line 39
# step
Stopped at time : 1100 ns : File "C:/Users/Ghost/Documents/Anderson/ARM/DMIO.v" Line 41
# step
Stopped at time : 1100 ns : File "C:/Users/Ghost/Documents/Anderson/ARM/DMIO.v" Line 46
# step
Stopped at time : 1100 ns : File "C:/Users/Ghost/Documents/Anderson/ARM/DMIO.v" Line 38
# step
Stopped at time : 1100 ns : File "C:/Users/Ghost/Documents/Anderson/ARM/IM.v" Line 67
# step
Stopped at time : 1100 ns : File "C:/Users/Ghost/Documents/Anderson/ARM/IM.v" Line 68
# step
Stopped at time : 1100 ns : File "C:/Users/Ghost/Documents/Anderson/ARM/IM.v" Line 66
# step
Stopped at time : 1100 ns : File "C:/Users/Ghost/Documents/Anderson/ARM/suma1.v" Line 27
# step
Stopped at time : 1100 ns : File "C:/Users/Ghost/Documents/Anderson/ARM/suma1.v" Line 28
# step
Stopped at time : 1100 ns : File "C:/Users/Ghost/Documents/Anderson/ARM/suma1.v" Line 26
# step
Stopped at time : 1100 ns : File "C:/Users/Ghost/Documents/Anderson/ARM/suma2.v" Line 25
# step
Stopped at time : 1100 ns : File "C:/Users/Ghost/Documents/Anderson/ARM/ARM_64.v" Line 224
# step
Stopped at time : 1100 ns : File "C:/Users/Ghost/Documents/Anderson/ARM/ARM_64.v" Line 221
# step
Stopped at time : 1100 ns : File "C:/Users/Ghost/Documents/Anderson/ARM/SEU.v" Line 28
# step
Stopped at time : 1100 ns : File "C:/Users/Ghost/Documents/Anderson/ARM/SEU.v" Line 29
# step
Stopped at time : 1100 ns : File "C:/Users/Ghost/Documents/Anderson/ARM/SEU.v" Line 46
# step
Stopped at time : 1100 ns : File "C:/Users/Ghost/Documents/Anderson/ARM/SEU.v" Line 47
# step
Stopped at time : 1100 ns : File "C:/Users/Ghost/Documents/Anderson/ARM/SEU.v" Line 27
# step
Stopped at time : 1100 ns : File "C:/Users/Ghost/Documents/Anderson/ARM/registerFile.v" Line 61
# step
Stopped at time : 1100 ns : File "C:/Users/Ghost/Documents/Anderson/ARM/CU.v" Line 36
# step
Stopped at time : 1100 ns : File "C:/Users/Ghost/Documents/Anderson/ARM/CU.v" Line 37
# step
Stopped at time : 1100 ns : File "C:/Users/Ghost/Documents/Anderson/ARM/CU.v" Line 39
# step
Stopped at time : 1100 ns : File "C:/Users/Ghost/Documents/Anderson/ARM/CU.v" Line 40
# step
Stopped at time : 1100 ns : File "C:/Users/Ghost/Documents/Anderson/ARM/CU.v" Line 41
# step
Stopped at time : 1100 ns : File "C:/Users/Ghost/Documents/Anderson/ARM/CU.v" Line 42
# step
Stopped at time : 1100 ns : File "C:/Users/Ghost/Documents/Anderson/ARM/CU.v" Line 43
# step
Stopped at time : 1100 ns : File "C:/Users/Ghost/Documents/Anderson/ARM/CU.v" Line 45
# step
Stopped at time : 1100 ns : File "C:/Users/Ghost/Documents/Anderson/ARM/CU.v" Line 46
# step
Stopped at time : 1100 ns : File "C:/Users/Ghost/Documents/Anderson/ARM/CU.v" Line 47
# step
Stopped at time : 1100 ns : File "C:/Users/Ghost/Documents/Anderson/ARM/CU.v" Line 48
# step
Stopped at time : 1100 ns : File "C:/Users/Ghost/Documents/Anderson/ARM/CU.v" Line 136
# step
Stopped at time : 1100 ns : File "C:/Users/Ghost/Documents/Anderson/ARM/CU.v" Line 151
# step
Stopped at time : 1100 ns : File "C:/Users/Ghost/Documents/Anderson/ARM/CU.v" Line 178
# step
Stopped at time : 1100 ns : File "C:/Users/Ghost/Documents/Anderson/ARM/CU.v" Line 35
# step
Stopped at time : 1100 ns : File "C:/Users/Ghost/Documents/Anderson/ARM/ARM_64.v" Line 224
# step
Stopped at time : 1100 ns : File "C:/Users/Ghost/Documents/Anderson/ARM/registerFile.v" Line 62
# step
Stopped at time : 1100 ns : File "C:/Users/Ghost/Documents/Anderson/ARM/ALU.v" Line 30
# step
Stopped at time : 1100 ns : File "C:/Users/Ghost/Documents/Anderson/ARM/ALU.v" Line 31
# step
Stopped at time : 1100 ns : File "C:/Users/Ghost/Documents/Anderson/ARM/ALU.v" Line 53
# step
Stopped at time : 1100 ns : File "C:/Users/Ghost/Documents/Anderson/ARM/ALU.v" Line 54
# step
Stopped at time : 1100 ns : File "C:/Users/Ghost/Documents/Anderson/ARM/ALU.v" Line 29
# step
Stopped at time : 1100 ns : File "C:/Users/Ghost/Documents/Anderson/ARM/ARM_64.v" Line 222
# step
Stopped at time : 1100 ns : File "C:/Users/Ghost/Documents/Anderson/ARM/ALU.v" Line 30
# step
Stopped at time : 1100 ns : File "C:/Users/Ghost/Documents/Anderson/ARM/ALU.v" Line 31
# step
Stopped at time : 1100 ns : File "C:/Users/Ghost/Documents/Anderson/ARM/ALU.v" Line 53
# step
Stopped at time : 1100 ns : File "C:/Users/Ghost/Documents/Anderson/ARM/ALU.v" Line 54
# step
Stopped at time : 1100 ns : File "C:/Users/Ghost/Documents/Anderson/ARM/ALU.v" Line 29
# step
Stopped at time : 1100 ns : File "C:/Users/Ghost/Documents/Anderson/ARM/ARM_64.v" Line 222
# step
Stopped at time : 1100 ns : File "C:/Users/Ghost/Documents/Anderson/ARM/suma1.v" Line 27
# step
Stopped at time : 1100 ns : File "C:/Users/Ghost/Documents/Anderson/ARM/suma1.v" Line 28
# step
Stopped at time : 1100 ns : File "C:/Users/Ghost/Documents/Anderson/ARM/suma1.v" Line 26
# run all
ERROR: at 1100 ns(10000): Iteration limit 10000 is reached. Possible zero delay oscillation detected where simulation can not advance in time because signals can not resolve to a stable value in File "C:/Users/Ghost/Documents/Anderson/ARM/registerFile.v" Line 46. Please correct this code in order to advance past the current simulation time.
 in File "C:/Users/Ghost/Documents/Anderson/ARM/registerFile.v" Line 46 
ERROR: 
INFO: Simulator is stopped.
# step
INFO: Simulator is stopped.
# step
INFO: Simulator is stopped.
# step
INFO: Simulator is stopped.
# step
INFO: Simulator is stopped.
# step
INFO: Simulator is stopped.
ISim P.20131013 (signature 0x7708f090)
This is a Full version of ISim.
# run 1000 ns
Simulator is doing circuit initialization process.
Finished circuit initialization process.
# run all
ISim P.20131013 (signature 0x7708f090)
This is a Full version of ISim.
# run 1000 ns
Simulator is doing circuit initialization process.
Finished circuit initialization process.
ERROR: at 300 ns(10000): Iteration limit 10000 is reached. Possible zero delay oscillation detected where simulation can not advance in time because signals can not resolve to a stable value in File "C:/Users/Ghost/Documents/Anderson/ARM/registerFile.v" Line 46. Please correct this code in order to advance past the current simulation time.
 in File "C:/Users/Ghost/Documents/Anderson/ARM/registerFile.v" Line 46 
ERROR: 
INFO: Simulator is stopped.
# run all
INFO: Simulator is stopped.
# run all
INFO: Simulator is stopped.
ISim P.20131013 (signature 0x7708f090)
This is a Full version of ISim.
# run 1000 ns
Simulator is doing circuit initialization process.
Finished circuit initialization process.
# run all
ISim P.20131013 (signature 0x7708f090)
This is a Full version of ISim.
# run 1000 ns
Simulator is doing circuit initialization process.
Finished circuit initialization process.
ISim P.20131013 (signature 0x7708f090)
This is a Full version of ISim.
# run 1000 ns
Simulator is doing circuit initialization process.
Finished circuit initialization process.
ISim P.20131013 (signature 0x7708f090)
This is a Full version of ISim.
# run 1000 ns
Simulator is doing circuit initialization process.
Finished circuit initialization process.
# run all
ISim P.20131013 (signature 0x7708f090)
This is a Full version of ISim.
# run 1000 ns
Simulator is doing circuit initialization process.
Finished circuit initialization process.
# run all
ISim P.20131013 (signature 0x7708f090)
This is a Full version of ISim.
# run 1000 ns
Simulator is doing circuit initialization process.
Finished circuit initialization process.
ISim P.20131013 (signature 0x7708f090)
This is a Full version of ISim.
# run 1000 ns
Simulator is doing circuit initialization process.
Finished circuit initialization process.
# run all
ISim P.20131013 (signature 0x7708f090)
This is a Full version of ISim.
# run 1000 ns
Simulator is doing circuit initialization process.
Finished circuit initialization process.
ISim P.20131013 (signature 0x7708f090)
This is a Full version of ISim.
# run 1000 ns
Simulator is doing circuit initialization process.
Finished circuit initialization process.
ISim P.20131013 (signature 0x7708f090)
This is a Full version of ISim.
# run 1000 ns
Simulator is doing circuit initialization process.
Finished circuit initialization process.
ISim P.20131013 (signature 0x7708f090)
This is a Full version of ISim.
# run 1000 ns
Simulator is doing circuit initialization process.
Finished circuit initialization process.
# run all
ERROR: at 1200 ns(10000): Iteration limit 10000 is reached. Possible zero delay oscillation detected where simulation can not advance in time because signals can not resolve to a stable value in File "C:/Users/Ghost/Documents/Anderson/ARM/ALU.v" Line 29. Please correct this code in order to advance past the current simulation time.
 in File "C:/Users/Ghost/Documents/Anderson/ARM/ALU.v" Line 29 
ERROR: 
INFO: Simulator is stopped.
ISim P.20131013 (signature 0x7708f090)
This is a Full version of ISim.
# run 1000 ns
Simulator is doing circuit initialization process.
Finished circuit initialization process.
ISim P.20131013 (signature 0x7708f090)
This is a Full version of ISim.
# run 1000 ns
Simulator is doing circuit initialization process.
Finished circuit initialization process.
# run all
ERROR: at 1200 ns(10000): Iteration limit 10000 is reached. Possible zero delay oscillation detected where simulation can not advance in time because signals can not resolve to a stable value in File "C:/Users/Ghost/Documents/Anderson/ARM/ALU.v" Line 29. Please correct this code in order to advance past the current simulation time.
 in File "C:/Users/Ghost/Documents/Anderson/ARM/ALU.v" Line 29 
ERROR: 
INFO: Simulator is stopped.
ISim P.20131013 (signature 0x7708f090)
This is a Full version of ISim.
# run 1000 ns
Simulator is doing circuit initialization process.
Finished circuit initialization process.
# run all
ERROR: at 1200 ns(10000): Iteration limit 10000 is reached. Possible zero delay oscillation detected where simulation can not advance in time because signals can not resolve to a stable value in File "C:/Users/Ghost/Documents/Anderson/ARM/ALU.v" Line 29. Please correct this code in order to advance past the current simulation time.
 in File "C:/Users/Ghost/Documents/Anderson/ARM/ALU.v" Line 29 
ERROR: 
INFO: Simulator is stopped.
ISim P.20131013 (signature 0x7708f090)
This is a Full version of ISim.
# run 1000 ns
Simulator is doing circuit initialization process.
Finished circuit initialization process.
ERROR: at 800 ns(10000): Iteration limit 10000 is reached. Possible zero delay oscillation detected where simulation can not advance in time because signals can not resolve to a stable value in File "C:/Users/Ghost/Documents/Anderson/ARM/ALU.v" Line 29. Please correct this code in order to advance past the current simulation time.
 in File "C:/Users/Ghost/Documents/Anderson/ARM/ALU.v" Line 29 
ERROR: 
INFO: Simulator is stopped.
# run all
INFO: Simulator is stopped.
# run all
INFO: Simulator is stopped.
ISim P.20131013 (signature 0x7708f090)
This is a Full version of ISim.
# run 1000 ns
Simulator is doing circuit initialization process.
Finished circuit initialization process.
ERROR: at 800 ns(10000): Iteration limit 10000 is reached. Possible zero delay oscillation detected where simulation can not advance in time because signals can not resolve to a stable value in File "C:/Users/Ghost/Documents/Anderson/ARM/ALU.v" Line 29. Please correct this code in order to advance past the current simulation time.
 in File "C:/Users/Ghost/Documents/Anderson/ARM/ALU.v" Line 29 
ERROR: 
INFO: Simulator is stopped.
ISim P.20131013 (signature 0x7708f090)
This is a Full version of ISim.
# run 1000 ns
Simulator is doing circuit initialization process.
Finished circuit initialization process.
ERROR: at 800 ns(10000): Iteration limit 10000 is reached. Possible zero delay oscillation detected where simulation can not advance in time because signals can not resolve to a stable value in File "C:/Users/Ghost/Documents/Anderson/ARM/ALU.v" Line 29. Please correct this code in order to advance past the current simulation time.
 in File "C:/Users/Ghost/Documents/Anderson/ARM/ALU.v" Line 29 
ERROR: 
INFO: Simulator is stopped.
# run all
INFO: Simulator is stopped.
ISim P.20131013 (signature 0x7708f090)
This is a Full version of ISim.
# run 1000 ns
Simulator is doing circuit initialization process.
Finished circuit initialization process.
ERROR: at 1 us(10000): Iteration limit 10000 is reached. Possible zero delay oscillation detected where simulation can not advance in time because signals can not resolve to a stable value in File "C:/Users/Ghost/Documents/Anderson/ARM/ALU.v" Line 29. Please correct this code in order to advance past the current simulation time.
 in File "C:/Users/Ghost/Documents/Anderson/ARM/ALU.v" Line 29 
ERROR: 
INFO: Simulator is stopped.
# run all
INFO: Simulator is stopped.
ISim P.20131013 (signature 0x7708f090)
This is a Full version of ISim.
# run 1000 ns
Simulator is doing circuit initialization process.
Finished circuit initialization process.
ERROR: at 1 us(10000): Iteration limit 10000 is reached. Possible zero delay oscillation detected where simulation can not advance in time because signals can not resolve to a stable value in File "C:/Users/Ghost/Documents/Anderson/ARM/ALU.v" Line 29. Please correct this code in order to advance past the current simulation time.
 in File "C:/Users/Ghost/Documents/Anderson/ARM/ALU.v" Line 29 
ERROR: 
INFO: Simulator is stopped.
# run all
INFO: Simulator is stopped.
# run all
INFO: Simulator is stopped.
# run all
INFO: Simulator is stopped.
ISim P.20131013 (signature 0x7708f090)
This is a Full version of ISim.
# run 1000 ns
Simulator is doing circuit initialization process.
Finished circuit initialization process.
# run all
ISim P.20131013 (signature 0x7708f090)
This is a Full version of ISim.
# run 1000 ns
Simulator is doing circuit initialization process.
Finished circuit initialization process.
# run all
ISim P.20131013 (signature 0x7708f090)
This is a Full version of ISim.
# run 1000 ns
Simulator is doing circuit initialization process.
Finished circuit initialization process.
# run all
ISim P.20131013 (signature 0x7708f090)
This is a Full version of ISim.
# run 1000 ns
Simulator is doing circuit initialization process.
Finished circuit initialization process.
# run all
